# JRE version: Java(TM) SE Runtime Environment (8.0_281-b09) (build 1.8.0_281-b09)
# Java VM: Java HotSpot(TM) 64-Bit Server VM (25.281-b09 mixed mode linux-amd64 compressed oops)
Heap:
 PSYoungGen      total 198656K, used 7580K [0x00000000d7100000, 0x00000000e6680000, 0x0000000100000000)
  eden space 189440K, 1% used [0x00000000d7100000,0x00000000d744fd48,0x00000000e2a00000)
  from space 9216K, 45% used [0x00000000e2a00000,0x00000000e2e17618,0x00000000e3300000)
  to   space 9216K, 0% used [0x00000000e5d80000,0x00000000e5d80000,0x00000000e6680000)
 ParOldGen       total 98816K, used 18941K [0x0000000085200000, 0x000000008b280000, 0x00000000d7100000)
  object space 98816K, 19% used [0x0000000085200000,0x000000008647f458,0x000000008b280000)
 Metaspace       used 58461K, capacity 65542K, committed 65560K, reserved 1105920K
  class space    used 8162K, capacity 8980K, committed 8984K, reserved 1048576K
GC Heap History (10 events):
Event: 4.719 GC heap before
{Heap before GC invocations=12 (full 2):
 PSYoungGen      total 116224K, used 109056K [0x00000000d7100000, 0x00000000e1980000, 0x0000000100000000)
  eden space 109056K, 100% used [0x00000000d7100000,0x00000000ddb80000,0x00000000ddb80000)
  from space 7168K, 0% used [0x00000000ddb80000,0x00000000ddb80000,0x00000000de280000)
  to   space 7680K, 0% used [0x00000000e1200000,0x00000000e1200000,0x00000000e1980000)
 ParOldGen       total 69632K, used 10933K [0x0000000085200000, 0x0000000089600000, 0x00000000d7100000)
  object space 69632K, 15% used [0x0000000085200000,0x0000000085cad548,0x0000000089600000)
 Metaspace       used 39099K, capacity 41240K, committed 41344K, reserved 1085440K
  class space    used 5256K, capacity 5486K, committed 5504K, reserved 1048576K
Event: 4.727 GC heap after
Heap after GC invocations=12 (full 2):
 PSYoungGen      total 152576K, used 6725K [0x00000000d7100000, 0x00000000e1900000, 0x0000000100000000)
  eden space 145408K, 0% used [0x00000000d7100000,0x00000000d7100000,0x00000000dff00000)
  from space 7168K, 93% used [0x00000000e1200000,0x00000000e1891560,0x00000000e1900000)
  to   space 7680K, 0% used [0x00000000e0a00000,0x00000000e0a00000,0x00000000e1180000)
 ParOldGen       total 69632K, used 10941K [0x0000000085200000, 0x0000000089600000, 0x00000000d7100000)
  object space 69632K, 15% used [0x0000000085200000,0x0000000085caf548,0x0000000089600000)
 Metaspace       used 39099K, capacity 41240K, committed 41344K, reserved 1085440K
  class space    used 5256K, capacity 5486K, committed 5504K, reserved 1048576K
}
Event: 5.536 GC heap before
{Heap before GC invocations=13 (full 2):
 PSYoungGen      total 152576K, used 152133K [0x00000000d7100000, 0x00000000e1900000, 0x0000000100000000)
  eden space 145408K, 100% used [0x00000000d7100000,0x00000000dff00000,0x00000000dff00000)
  from space 7168K, 93% used [0x00000000e1200000,0x00000000e1891560,0x00000000e1900000)
  to   space 7680K, 0% used [0x00000000e0a00000,0x00000000e0a00000,0x00000000e1180000)
 ParOldGen       total 69632K, used 10941K [0x0000000085200000, 0x0000000089600000, 0x00000000d7100000)
  object space 69632K, 15% used [0x0000000085200000,0x0000000085caf548,0x0000000089600000)
 Metaspace       used 45885K, capacity 48084K, committed 48384K, reserved 1091584K
  class space    used 6031K, capacity 6277K, committed 6400K, reserved 1048576K
Event: 5.542 GC heap after
Heap after GC invocations=13 (full 2):
 PSYoungGen      total 164352K, used 6931K [0x00000000d7100000, 0x00000000e3b00000, 0x0000000100000000)
  eden space 156672K, 0% used [0x00000000d7100000,0x00000000d7100000,0x00000000e0a00000)
  from space 7680K, 90% used [0x00000000e0a00000,0x00000000e10c4e48,0x00000000e1180000)
  to   space 8192K, 0% used [0x00000000e3300000,0x00000000e3300000,0x00000000e3b00000)
 ParOldGen       total 69632K, used 12069K [0x0000000085200000, 0x0000000089600000, 0x00000000d7100000)
  object space 69632K, 17% used [0x0000000085200000,0x0000000085dc9598,0x0000000089600000)
 Metaspace       used 45885K, capacity 48084K, committed 48384K, reserved 1091584K
  class space    used 6031K, capacity 6277K, committed 6400K, reserved 1048576K
}
Event: 8.628 GC heap before
{Heap before GC invocations=14 (full 2):
 PSYoungGen      total 164352K, used 158772K [0x00000000d7100000, 0x00000000e3b00000, 0x0000000100000000)
  eden space 156672K, 96% used [0x00000000d7100000,0x00000000e05485a8,0x00000000e0a00000)
  from space 7680K, 90% used [0x00000000e0a00000,0x00000000e10c4e48,0x00000000e1180000)
  to   space 8192K, 0% used [0x00000000e3300000,0x00000000e3300000,0x00000000e3b00000)
 ParOldGen       total 69632K, used 12069K [0x0000000085200000, 0x0000000089600000, 0x00000000d7100000)
  object space 69632K, 17% used [0x0000000085200000,0x0000000085dc9598,0x0000000089600000)
 Metaspace       used 54860K, capacity 59152K, committed 59160K, reserved 1099776K
  class space    used 7506K, capacity 7954K, committed 7960K, reserved 1048576K
Event: 8.638 GC heap after
Heap after GC invocations=14 (full 2):
 PSYoungGen      total 197632K, used 8179K [0x00000000d7100000, 0x00000000e4680000, 0x0000000100000000)
  eden space 189440K, 0% used [0x00000000d7100000,0x00000000d7100000,0x00000000e2a00000)
  from space 8192K, 99% used [0x00000000e3300000,0x00000000e3afced8,0x00000000e3b00000)
  to   space 9216K, 0% used [0x00000000e2a00000,0x00000000e2a00000,0x00000000e3300000)
 ParOldGen       total 69632K, used 13545K [0x0000000085200000, 0x0000000089600000, 0x00000000d7100000)
  object space 69632K, 19% used [0x0000000085200000,0x0000000085f3a480,0x0000000089600000)
 Metaspace       used 54860K, capacity 59152K, committed 59160K, reserved 1099776K
  class space    used 7506K, capacity 7954K, committed 7960K, reserved 1048576K
}
Event: 8.638 GC heap before
{Heap before GC invocations=15 (full 3):
 PSYoungGen      total 197632K, used 8179K [0x00000000d7100000, 0x00000000e4680000, 0x0000000100000000)
  eden space 189440K, 0% used [0x00000000d7100000,0x00000000d7100000,0x00000000e2a00000)
  from space 8192K, 99% used [0x00000000e3300000,0x00000000e3afced8,0x00000000e3b00000)
  to   space 9216K, 0% used [0x00000000e2a00000,0x00000000e2a00000,0x00000000e3300000)
 ParOldGen       total 69632K, used 13545K [0x0000000085200000, 0x0000000089600000, 0x00000000d7100000)
  object space 69632K, 19% used [0x0000000085200000,0x0000000085f3a480,0x0000000089600000)
 Metaspace       used 54860K, capacity 59152K, committed 59160K, reserved 1099776K
  class space    used 7506K, capacity 7954K, committed 7960K, reserved 1048576K
Event: 8.734 GC heap after
Heap after GC invocations=15 (full 3):
 PSYoungGen      total 197632K, used 0K [0x00000000d7100000, 0x00000000e4680000, 0x0000000100000000)
  eden space 189440K, 0% used [0x00000000d7100000,0x00000000d7100000,0x00000000e2a00000)
  from space 8192K, 0% used [0x00000000e3300000,0x00000000e3300000,0x00000000e3b00000)
  to   space 9216K, 0% used [0x00000000e2a00000,0x00000000e2a00000,0x00000000e3300000)
 ParOldGen       total 98816K, used 18933K [0x0000000085200000, 0x000000008b280000, 0x00000000d7100000)
  object space 98816K, 19% used [0x0000000085200000,0x000000008647d458,0x000000008b280000)
 Metaspace       used 54626K, capacity 58600K, committed 59160K, reserved 1099776K
  class space    used 7438K, capacity 7840K, committed 7960K, reserved 1048576K
}
Event: 12.490 GC heap before
{Heap before GC invocations=16 (full 3):
 PSYoungGen      total 197632K, used 189440K [0x00000000d7100000, 0x00000000e4680000, 0x0000000100000000)
  eden space 189440K, 100% used [0x00000000d7100000,0x00000000e2a00000,0x00000000e2a00000)
  from space 8192K, 0% used [0x00000000e3300000,0x00000000e3300000,0x00000000e3b00000)
  to   space 9216K, 0% used [0x00000000e2a00000,0x00000000e2a00000,0x00000000e3300000)
 ParOldGen       total 98816K, used 18933K [0x0000000085200000, 0x000000008b280000, 0x00000000d7100000)
  object space 98816K, 19% used [0x0000000085200000,0x000000008647d458,0x000000008b280000)
 Metaspace       used 58461K, capacity 65542K, committed 65560K, reserved 1105920K
  class space    used 8162K, capacity 8980K, committed 8984K, reserved 1048576K
Event: 12.506 GC heap after
Heap after GC invocations=16 (full 3):
 PSYoungGen      total 198656K, used 4189K [0x00000000d7100000, 0x00000000e6680000, 0x0000000100000000)
  eden space 189440K, 0% used [0x00000000d7100000,0x00000000d7100000,0x00000000e2a00000)
  from space 9216K, 45% used [0x00000000e2a00000,0x00000000e2e17618,0x00000000e3300000)
  to   space 9216K, 0% used [0x00000000e5d80000,0x00000000e5d80000,0x00000000e6680000)
 ParOldGen       total 98816K, used 18941K [0x0000000085200000, 0x000000008b280000, 0x00000000d7100000)
  object space 98816K, 19% used [0x0000000085200000,0x000000008647f458,0x000000008b280000)
 Metaspace       used 58461K, capacity 65542K, committed 65560K, reserved 1105920K
  class space    used 8162K, capacity 8980K, committed 8984K, reserved 1048576K
}

