# JRE version: Java(TM) SE Runtime Environment (8.0_281-b09) (build 1.8.0_281-b09)
# Java VM: Java HotSpot(TM) 64-Bit Server VM (25.281-b09 mixed mode linux-amd64 compressed oops)
Heap:
 PSYoungGen      total 208896K, used 189346K [0x00000000d7100000, 0x00000000e5080000, 0x0000000100000000)
  eden space 200704K, 94% used [0x00000000d7100000,0x00000000e29e88d0,0x00000000e3500000)
  from space 8192K, 0% used [0x00000000e3d80000,0x00000000e3d80000,0x00000000e4580000)
  to   space 8704K, 0% used [0x00000000e3500000,0x00000000e3500000,0x00000000e3d80000)
 ParOldGen       total 91136K, used 18412K [0x0000000085200000, 0x000000008ab00000, 0x00000000d7100000)
  object space 91136K, 20% used [0x0000000085200000,0x00000000863fb1b8,0x000000008ab00000)
 Metaspace       used 58468K, capacity 65543K, committed 65560K, reserved 1105920K
  class space    used 8164K, capacity 8981K, committed 8984K, reserved 1048576K
GC Heap History (10 events):
Event: 4.162 GC heap before
{Heap before GC invocations=11 (full 2):
 PSYoungGen      total 119808K, used 6471K [0x00000000d7100000, 0x00000000e2100000, 0x0000000100000000)
  eden space 112640K, 0% used [0x00000000d7100000,0x00000000d7100000,0x00000000ddf00000)
  from space 7168K, 90% used [0x00000000ddf00000,0x00000000de551e60,0x00000000de600000)
  to   space 7680K, 0% used [0x00000000e1980000,0x00000000e1980000,0x00000000e2100000)
 ParOldGen       total 45056K, used 5453K [0x0000000085200000, 0x0000000087e00000, 0x00000000d7100000)
  object space 45056K, 12% used [0x0000000085200000,0x0000000085753490,0x0000000087e00000)
 Metaspace       used 33583K, capacity 35420K, committed 35496K, reserved 1079296K
  class space    used 4599K, capacity 4831K, committed 4864K, reserved 1048576K
Event: 4.185 GC heap after
Heap after GC invocations=11 (full 2):
 PSYoungGen      total 119808K, used 0K [0x00000000d7100000, 0x00000000e2100000, 0x0000000100000000)
  eden space 112640K, 0% used [0x00000000d7100000,0x00000000d7100000,0x00000000ddf00000)
  from space 7168K, 0% used [0x00000000ddf00000,0x00000000ddf00000,0x00000000de600000)
  to   space 7680K, 0% used [0x00000000e1980000,0x00000000e1980000,0x00000000e2100000)
 ParOldGen       total 65536K, used 10936K [0x0000000085200000, 0x0000000089200000, 0x00000000d7100000)
  object space 65536K, 16% used [0x0000000085200000,0x0000000085cae048,0x0000000089200000)
 Metaspace       used 33583K, capacity 35420K, committed 35496K, reserved 1079296K
  class space    used 4599K, capacity 4831K, committed 4864K, reserved 1048576K
}
Event: 4.610 GC heap before
{Heap before GC invocations=12 (full 2):
 PSYoungGen      total 119808K, used 112640K [0x00000000d7100000, 0x00000000e2100000, 0x0000000100000000)
  eden space 112640K, 100% used [0x00000000d7100000,0x00000000ddf00000,0x00000000ddf00000)
  from space 7168K, 0% used [0x00000000ddf00000,0x00000000ddf00000,0x00000000de600000)
  to   space 7680K, 0% used [0x00000000e1980000,0x00000000e1980000,0x00000000e2100000)
 ParOldGen       total 65536K, used 10936K [0x0000000085200000, 0x0000000089200000, 0x00000000d7100000)
  object space 65536K, 16% used [0x0000000085200000,0x0000000085cae048,0x0000000089200000)
 Metaspace       used 39199K, capacity 41304K, committed 41600K, reserved 1085440K
  class space    used 5267K, capacity 5486K, committed 5504K, reserved 1048576K
Event: 4.618 GC heap after
Heap after GC invocations=12 (full 2):
 PSYoungGen      total 159232K, used 6856K [0x00000000d7100000, 0x00000000e2080000, 0x0000000100000000)
  eden space 152064K, 0% used [0x00000000d7100000,0x00000000d7100000,0x00000000e0580000)
  from space 7168K, 95% used [0x00000000e1980000,0x00000000e2032388,0x00000000e2080000)
  to   space 7680K, 0% used [0x00000000e1180000,0x00000000e1180000,0x00000000e1900000)
 ParOldGen       total 65536K, used 10944K [0x0000000085200000, 0x0000000089200000, 0x00000000d7100000)
  object space 65536K, 16% used [0x0000000085200000,0x0000000085cb0048,0x0000000089200000)
 Metaspace       used 39199K, capacity 41304K, committed 41600K, reserved 1085440K
  class space    used 5267K, capacity 5486K, committed 5504K, reserved 1048576K
}
Event: 5.539 GC heap before
{Heap before GC invocations=13 (full 2):
 PSYoungGen      total 159232K, used 158920K [0x00000000d7100000, 0x00000000e2080000, 0x0000000100000000)
  eden space 152064K, 100% used [0x00000000d7100000,0x00000000e0580000,0x00000000e0580000)
  from space 7168K, 95% used [0x00000000e1980000,0x00000000e2032388,0x00000000e2080000)
  to   space 7680K, 0% used [0x00000000e1180000,0x00000000e1180000,0x00000000e1900000)
 ParOldGen       total 65536K, used 10944K [0x0000000085200000, 0x0000000089200000, 0x00000000d7100000)
  object space 65536K, 16% used [0x0000000085200000,0x0000000085cb0048,0x0000000089200000)
 Metaspace       used 46665K, capacity 48836K, committed 49024K, reserved 1091584K
  class space    used 6245K, capacity 6485K, committed 6528K, reserved 1048576K
Event: 5.545 GC heap after
Heap after GC invocations=13 (full 2):
 PSYoungGen      total 172032K, used 7365K [0x00000000d7100000, 0x00000000e4580000, 0x0000000100000000)
  eden space 164352K, 0% used [0x00000000d7100000,0x00000000d7100000,0x00000000e1180000)
  from space 7680K, 95% used [0x00000000e1180000,0x00000000e18b1650,0x00000000e1900000)
  to   space 8192K, 0% used [0x00000000e3d80000,0x00000000e3d80000,0x00000000e4580000)
 ParOldGen       total 65536K, used 12095K [0x0000000085200000, 0x0000000089200000, 0x00000000d7100000)
  object space 65536K, 18% used [0x0000000085200000,0x0000000085dcfd10,0x0000000089200000)
 Metaspace       used 46665K, capacity 48836K, committed 49024K, reserved 1091584K
  class space    used 6245K, capacity 6485K, committed 6528K, reserved 1048576K
}
Event: 9.937 GC heap before
{Heap before GC invocations=14 (full 2):
 PSYoungGen      total 172032K, used 151582K [0x00000000d7100000, 0x00000000e4580000, 0x0000000100000000)
  eden space 164352K, 87% used [0x00000000d7100000,0x00000000dfdd6218,0x00000000e1180000)
  from space 7680K, 95% used [0x00000000e1180000,0x00000000e18b1650,0x00000000e1900000)
  to   space 8192K, 0% used [0x00000000e3d80000,0x00000000e3d80000,0x00000000e4580000)
 ParOldGen       total 65536K, used 12095K [0x0000000085200000, 0x0000000089200000, 0x00000000d7100000)
  object space 65536K, 18% used [0x0000000085200000,0x0000000085dcfd10,0x0000000089200000)
 Metaspace       used 54877K, capacity 59133K, committed 59160K, reserved 1099776K
  class space    used 7510K, capacity 7960K, committed 7960K, reserved 1048576K
Event: 9.947 GC heap after
Heap after GC invocations=14 (full 2):
 PSYoungGen      total 208896K, used 8041K [0x00000000d7100000, 0x00000000e5080000, 0x0000000100000000)
  eden space 200704K, 0% used [0x00000000d7100000,0x00000000d7100000,0x00000000e3500000)
  from space 8192K, 98% used [0x00000000e3d80000,0x00000000e455a400,0x00000000e4580000)
  to   space 8704K, 0% used [0x00000000e3500000,0x00000000e3500000,0x00000000e3d80000)
 ParOldGen       total 65536K, used 13094K [0x0000000085200000, 0x0000000089200000, 0x00000000d7100000)
  object space 65536K, 19% used [0x0000000085200000,0x0000000085ec9a40,0x0000000089200000)
 Metaspace       used 54877K, capacity 59133K, committed 59160K, reserved 1099776K
  class space    used 7510K, capacity 7960K, committed 7960K, reserved 1048576K
}
Event: 9.947 GC heap before
{Heap before GC invocations=15 (full 3):
 PSYoungGen      total 208896K, used 8041K [0x00000000d7100000, 0x00000000e5080000, 0x0000000100000000)
  eden space 200704K, 0% used [0x00000000d7100000,0x00000000d7100000,0x00000000e3500000)
  from space 8192K, 98% used [0x00000000e3d80000,0x00000000e455a400,0x00000000e4580000)
  to   space 8704K, 0% used [0x00000000e3500000,0x00000000e3500000,0x00000000e3d80000)
 ParOldGen       total 65536K, used 13094K [0x0000000085200000, 0x0000000089200000, 0x00000000d7100000)
  object space 65536K, 19% used [0x0000000085200000,0x0000000085ec9a40,0x0000000089200000)
 Metaspace       used 54877K, capacity 59133K, committed 59160K, reserved 1099776K
  class space    used 7510K, capacity 7960K, committed 7960K, reserved 1048576K
Event: 10.050 GC heap after
Heap after GC invocations=15 (full 3):
 PSYoungGen      total 208896K, used 0K [0x00000000d7100000, 0x00000000e5080000, 0x0000000100000000)
  eden space 200704K, 0% used [0x00000000d7100000,0x00000000d7100000,0x00000000e3500000)
  from space 8192K, 0% used [0x00000000e3d80000,0x00000000e3d80000,0x00000000e4580000)
  to   space 8704K, 0% used [0x00000000e3500000,0x00000000e3500000,0x00000000e3d80000)
 ParOldGen       total 91136K, used 18412K [0x0000000085200000, 0x000000008ab00000, 0x00000000d7100000)
  object space 91136K, 20% used [0x0000000085200000,0x00000000863fb1b8,0x000000008ab00000)
 Metaspace       used 54632K, capacity 58553K, committed 59160K, reserved 1099776K
  class space    used 7439K, capacity 7840K, committed 7960K, reserved 1048576K
}

