# JRE version: Java(TM) SE Runtime Environment (8.0_281-b09) (build 1.8.0_281-b09)
# Java VM: Java HotSpot(TM) 64-Bit Server VM (25.281-b09 mixed mode linux-amd64 compressed oops)
Heap:
 PSYoungGen      total 104448K, used 36491K [0x00000000d7100000, 0x00000000dee00000, 0x0000000100000000)
  eden space 96256K, 29% used [0x00000000d7100000,0x00000000d8ca69d0,0x00000000dcf00000)
  from space 8192K, 99% used [0x00000000dcf00000,0x00000000dd6fc4e0,0x00000000dd700000)
  to   space 9216K, 0% used [0x00000000de500000,0x00000000de500000,0x00000000dee00000)
 ParOldGen       total 100352K, used 15758K [0x0000000085200000, 0x000000008b400000, 0x00000000d7100000)
  object space 100352K, 15% used [0x0000000085200000,0x0000000086163b10,0x000000008b400000)
 Metaspace       used 59266K, capacity 66440K, committed 66712K, reserved 1107968K
  class space    used 8279K, capacity 9092K, committed 9112K, reserved 1048576K
GC Heap History (10 events):
Event: 17.392 GC heap before
{Heap before GC invocations=20 (full 2):
 PSYoungGen      total 79360K, used 76880K [0x00000000d7100000, 0x00000000dd180000, 0x0000000100000000)
  eden space 72192K, 100% used [0x00000000d7100000,0x00000000db780000,0x00000000db780000)
  from space 7168K, 65% used [0x00000000db780000,0x00000000dbc14220,0x00000000dbe80000)
  to   space 7168K, 0% used [0x00000000dca80000,0x00000000dca80000,0x00000000dd180000)
 ParOldGen       total 71680K, used 10829K [0x0000000085200000, 0x0000000089800000, 0x00000000d7100000)
  object space 71680K, 15% used [0x0000000085200000,0x0000000085c937c8,0x0000000089800000)
 Metaspace       used 51281K, capacity 54222K, committed 54400K, reserved 1095680K
  class space    used 6896K, capacity 7192K, committed 7296K, reserved 1048576K
Event: 17.397 GC heap after
Heap after GC invocations=20 (full 2):
 PSYoungGen      total 89600K, used 5267K [0x00000000d7100000, 0x00000000dd100000, 0x0000000100000000)
  eden space 82944K, 0% used [0x00000000d7100000,0x00000000d7100000,0x00000000dc200000)
  from space 6656K, 79% used [0x00000000dca80000,0x00000000dcfa4de8,0x00000000dd100000)
  to   space 7680K, 0% used [0x00000000dc200000,0x00000000dc200000,0x00000000dc980000)
 ParOldGen       total 71680K, used 10837K [0x0000000085200000, 0x0000000089800000, 0x00000000d7100000)
  object space 71680K, 15% used [0x0000000085200000,0x0000000085c957c8,0x0000000089800000)
 Metaspace       used 51281K, capacity 54222K, committed 54400K, reserved 1095680K
  class space    used 6896K, capacity 7192K, committed 7296K, reserved 1048576K
}
Event: 18.141 GC heap before
{Heap before GC invocations=21 (full 2):
 PSYoungGen      total 89600K, used 65978K [0x00000000d7100000, 0x00000000dd100000, 0x0000000100000000)
  eden space 82944K, 73% used [0x00000000d7100000,0x00000000dac49d18,0x00000000dc200000)
  from space 6656K, 79% used [0x00000000dca80000,0x00000000dcfa4de8,0x00000000dd100000)
  to   space 7680K, 0% used [0x00000000dc200000,0x00000000dc200000,0x00000000dc980000)
 ParOldGen       total 71680K, used 10837K [0x0000000085200000, 0x0000000089800000, 0x00000000d7100000)
  object space 71680K, 15% used [0x0000000085200000,0x0000000085c957c8,0x0000000089800000)
 Metaspace       used 54854K, capacity 59138K, committed 59160K, reserved 1099776K
  class space    used 7500K, capacity 7941K, committed 7960K, reserved 1048576K
Event: 18.150 GC heap after
Heap after GC invocations=21 (full 2):
 PSYoungGen      total 90624K, used 6184K [0x00000000d7100000, 0x00000000ddf00000, 0x0000000100000000)
  eden space 82944K, 0% used [0x00000000d7100000,0x00000000d7100000,0x00000000dc200000)
  from space 7680K, 80% used [0x00000000dc200000,0x00000000dc80a0f8,0x00000000dc980000)
  to   space 8192K, 0% used [0x00000000dd700000,0x00000000dd700000,0x00000000ddf00000)
 ParOldGen       total 71680K, used 10845K [0x0000000085200000, 0x0000000089800000, 0x00000000d7100000)
  object space 71680K, 15% used [0x0000000085200000,0x0000000085c977c8,0x0000000089800000)
 Metaspace       used 54854K, capacity 59138K, committed 59160K, reserved 1099776K
  class space    used 7500K, capacity 7941K, committed 7960K, reserved 1048576K
}
Event: 18.150 GC heap before
{Heap before GC invocations=22 (full 3):
 PSYoungGen      total 90624K, used 6184K [0x00000000d7100000, 0x00000000ddf00000, 0x0000000100000000)
  eden space 82944K, 0% used [0x00000000d7100000,0x00000000d7100000,0x00000000dc200000)
  from space 7680K, 80% used [0x00000000dc200000,0x00000000dc80a0f8,0x00000000dc980000)
  to   space 8192K, 0% used [0x00000000dd700000,0x00000000dd700000,0x00000000ddf00000)
 ParOldGen       total 71680K, used 10845K [0x0000000085200000, 0x0000000089800000, 0x00000000d7100000)
  object space 71680K, 15% used [0x0000000085200000,0x0000000085c977c8,0x0000000089800000)
 Metaspace       used 54854K, capacity 59138K, committed 59160K, reserved 1099776K
  class space    used 7500K, capacity 7941K, committed 7960K, reserved 1048576K
Event: 18.278 GC heap after
Heap after GC invocations=22 (full 3):
 PSYoungGen      total 90624K, used 0K [0x00000000d7100000, 0x00000000ddf00000, 0x0000000100000000)
  eden space 82944K, 0% used [0x00000000d7100000,0x00000000d7100000,0x00000000dc200000)
  from space 7680K, 0% used [0x00000000dc200000,0x00000000dc200000,0x00000000dc980000)
  to   space 8192K, 0% used [0x00000000dd700000,0x00000000dd700000,0x00000000ddf00000)
 ParOldGen       total 100352K, used 15591K [0x0000000085200000, 0x000000008b400000, 0x00000000d7100000)
  object space 100352K, 15% used [0x0000000085200000,0x0000000086139c80,0x000000008b400000)
 Metaspace       used 54632K, capacity 58616K, committed 59160K, reserved 1099776K
  class space    used 7434K, capacity 7832K, committed 7960K, reserved 1048576K
}
Event: 18.485 GC heap before
{Heap before GC invocations=23 (full 3):
 PSYoungGen      total 90624K, used 82944K [0x00000000d7100000, 0x00000000ddf00000, 0x0000000100000000)
  eden space 82944K, 100% used [0x00000000d7100000,0x00000000dc200000,0x00000000dc200000)
  from space 7680K, 0% used [0x00000000dc200000,0x00000000dc200000,0x00000000dc980000)
  to   space 8192K, 0% used [0x00000000dd700000,0x00000000dd700000,0x00000000ddf00000)
 ParOldGen       total 100352K, used 15597K [0x0000000085200000, 0x000000008b400000, 0x00000000d7100000)
  object space 100352K, 15% used [0x0000000085200000,0x000000008613b6d8,0x000000008b400000)
 Metaspace       used 55996K, capacity 61878K, committed 61976K, reserved 1103872K
  class space    used 7742K, capacity 8405K, committed 8472K, reserved 1048576K
Event: 18.488 GC heap after
Heap after GC invocations=23 (full 3):
 PSYoungGen      total 104448K, used 1664K [0x00000000d7100000, 0x00000000ddf00000, 0x0000000100000000)
  eden space 96256K, 0% used [0x00000000d7100000,0x00000000d7100000,0x00000000dcf00000)
  from space 8192K, 20% used [0x00000000dd700000,0x00000000dd8a0000,0x00000000ddf00000)
  to   space 8192K, 0% used [0x00000000dcf00000,0x00000000dcf00000,0x00000000dd700000)
 ParOldGen       total 100352K, used 15597K [0x0000000085200000, 0x000000008b400000, 0x00000000d7100000)
  object space 100352K, 15% used [0x0000000085200000,0x000000008613b6d8,0x000000008b400000)
 Metaspace       used 55996K, capacity 61878K, committed 61976K, reserved 1103872K
  class space    used 7742K, capacity 8405K, committed 8472K, reserved 1048576K
}
Event: 22.504 GC heap before
{Heap before GC invocations=24 (full 3):
 PSYoungGen      total 104448K, used 97920K [0x00000000d7100000, 0x00000000ddf00000, 0x0000000100000000)
  eden space 96256K, 100% used [0x00000000d7100000,0x00000000dcf00000,0x00000000dcf00000)
  from space 8192K, 20% used [0x00000000dd700000,0x00000000dd8a0000,0x00000000ddf00000)
  to   space 8192K, 0% used [0x00000000dcf00000,0x00000000dcf00000,0x00000000dd700000)
 ParOldGen       total 100352K, used 15597K [0x0000000085200000, 0x000000008b400000, 0x00000000d7100000)
  object space 100352K, 15% used [0x0000000085200000,0x000000008613b6d8,0x000000008b400000)
 Metaspace       used 58474K, capacity 65536K, committed 65560K, reserved 1105920K
  class space    used 8159K, capacity 8977K, committed 8984K, reserved 1048576K
Event: 22.510 GC heap after
Heap after GC invocations=24 (full 3):
 PSYoungGen      total 104448K, used 8177K [0x00000000d7100000, 0x00000000dee00000, 0x0000000100000000)
  eden space 96256K, 0% used [0x00000000d7100000,0x00000000d7100000,0x00000000dcf00000)
  from space 8192K, 99% used [0x00000000dcf00000,0x00000000dd6fc4e0,0x00000000dd700000)
  to   space 9216K, 0% used [0x00000000de500000,0x00000000de500000,0x00000000dee00000)
 ParOldGen       total 100352K, used 15758K [0x0000000085200000, 0x000000008b400000, 0x00000000d7100000)
  object space 100352K, 15% used [0x0000000085200000,0x0000000086163b10,0x000000008b400000)
 Metaspace       used 58474K, capacity 65536K, committed 65560K, reserved 1105920K
  class space    used 8159K, capacity 8977K, committed 8984K, reserved 1048576K
}

